The system is: Linux - 2.6.18-194.3.1.el5 - x86_64
Compiling the C compiler identification source file "CMakeCCompilerId.c" succeeded.
Compiler: /home/kloeckner/mach/x86_64/pool/bin/gcc 
Build flags: 
Id flags: 

The output was:
0


Compilation of the C compiler identification source "CMakeCCompilerId.c" produced "a.out"

The C compiler identification is GNU, found in "/home/xzhu/opencl_cmake/CMakeFiles/CompilerIdC/a.out"

Determining if the C compiler works passed with the following output:
Change Dir: /home/xzhu/opencl_cmake/CMakeFiles/CMakeTmp

Run Build Command:/usr/bin/gmake "cmTryCompileExec/fast"
/usr/bin/gmake -f CMakeFiles/cmTryCompileExec.dir/build.make CMakeFiles/cmTryCompileExec.dir/build
gmake[1]: Entering directory `/home/xzhu/opencl_cmake/CMakeFiles/CMakeTmp'
/usr/local/bin/cmake -E cmake_progress_report /home/xzhu/opencl_cmake/CMakeFiles/CMakeTmp/CMakeFiles 1
Building C object CMakeFiles/cmTryCompileExec.dir/testCCompiler.c.o
/home/kloeckner/mach/x86_64/pool/bin/gcc    -o CMakeFiles/cmTryCompileExec.dir/testCCompiler.c.o   -c /home/xzhu/opencl_cmake/CMakeFiles/CMakeTmp/testCCompiler.c
Linking C executable cmTryCompileExec
/usr/local/bin/cmake -E cmake_link_script CMakeFiles/cmTryCompileExec.dir/link.txt --verbose=1
/home/kloeckner/mach/x86_64/pool/bin/gcc       -fPIC CMakeFiles/cmTryCompileExec.dir/testCCompiler.c.o  -o cmTryCompileExec -rdynamic 
gmake[1]: Leaving directory `/home/xzhu/opencl_cmake/CMakeFiles/CMakeTmp'


Detecting C compiler ABI info compiled with the following output:
Change Dir: /home/xzhu/opencl_cmake/CMakeFiles/CMakeTmp

Run Build Command:/usr/bin/gmake "cmTryCompileExec/fast"
/usr/bin/gmake -f CMakeFiles/cmTryCompileExec.dir/build.make CMakeFiles/cmTryCompileExec.dir/build
gmake[1]: Entering directory `/home/xzhu/opencl_cmake/CMakeFiles/CMakeTmp'
/usr/local/bin/cmake -E cmake_progress_report /home/xzhu/opencl_cmake/CMakeFiles/CMakeTmp/CMakeFiles 1
Building C object CMakeFiles/cmTryCompileExec.dir/CMakeCCompilerABI.c.o
/home/kloeckner/mach/x86_64/pool/bin/gcc    -o CMakeFiles/cmTryCompileExec.dir/CMakeCCompilerABI.c.o   -c /usr/local/share/cmake-2.6/Modules/CMakeCCompilerABI.c
Linking C executable cmTryCompileExec
/usr/local/bin/cmake -E cmake_link_script CMakeFiles/cmTryCompileExec.dir/link.txt --verbose=1
/home/kloeckner/mach/x86_64/pool/bin/gcc       -fPIC CMakeFiles/cmTryCompileExec.dir/CMakeCCompilerABI.c.o  -o cmTryCompileExec -rdynamic 
gmake[1]: Leaving directory `/home/xzhu/opencl_cmake/CMakeFiles/CMakeTmp'


Compiling the CXX compiler identification source file "CMakeCXXCompilerId.cpp" succeeded.
Compiler: /home/kloeckner/mach/x86_64/pool/bin/c++ 
Build flags: 
Id flags: 

The output was:
0
CMakeCXXCompilerId.cpp:67: warning: deprecated conversion from string constant to ‘char*’
CMakeCXXCompilerId.cpp:151: warning: deprecated conversion from string constant to ‘char*’


Compilation of the CXX compiler identification source "CMakeCXXCompilerId.cpp" produced "a.out"

The CXX compiler identification is GNU, found in "/home/xzhu/opencl_cmake/CMakeFiles/CompilerIdCXX/a.out"

Determining if the CXX compiler works passed with the following output:
Change Dir: /home/xzhu/opencl_cmake/CMakeFiles/CMakeTmp

Run Build Command:/usr/bin/gmake "cmTryCompileExec/fast"
gmake[1]: Entering directory `/home/xzhu/opencl_cmake/CMakeFiles/CMakeTmp'
/usr/bin/gmake -f CMakeFiles/cmTryCompileExec.dir/build.make CMakeFiles/cmTryCompileExec.dir/build
gmake[2]: Entering directory `/home/xzhu/opencl_cmake/CMakeFiles/CMakeTmp'
/usr/local/bin/cmake -E cmake_progress_report /home/xzhu/opencl_cmake/CMakeFiles/CMakeTmp/CMakeFiles 1
Building CXX object CMakeFiles/cmTryCompileExec.dir/testCXXCompiler.cxx.o
/home/kloeckner/mach/x86_64/pool/bin/c++     -o CMakeFiles/cmTryCompileExec.dir/testCXXCompiler.cxx.o -c /home/xzhu/opencl_cmake/CMakeFiles/CMakeTmp/testCXXCompiler.cxx
Linking CXX executable cmTryCompileExec
/usr/local/bin/cmake -E cmake_link_script CMakeFiles/cmTryCompileExec.dir/link.txt --verbose=1
/home/kloeckner/mach/x86_64/pool/bin/c++        -fPIC CMakeFiles/cmTryCompileExec.dir/testCXXCompiler.cxx.o  -o cmTryCompileExec -rdynamic 
gmake[2]: Leaving directory `/home/xzhu/opencl_cmake/CMakeFiles/CMakeTmp'
gmake[1]: Leaving directory `/home/xzhu/opencl_cmake/CMakeFiles/CMakeTmp'


Detecting CXX compiler ABI info compiled with the following output:
Change Dir: /home/xzhu/opencl_cmake/CMakeFiles/CMakeTmp

Run Build Command:/usr/bin/gmake "cmTryCompileExec/fast"
gmake[1]: Entering directory `/home/xzhu/opencl_cmake/CMakeFiles/CMakeTmp'
/usr/bin/gmake -f CMakeFiles/cmTryCompileExec.dir/build.make CMakeFiles/cmTryCompileExec.dir/build
gmake[2]: Entering directory `/home/xzhu/opencl_cmake/CMakeFiles/CMakeTmp'
/usr/local/bin/cmake -E cmake_progress_report /home/xzhu/opencl_cmake/CMakeFiles/CMakeTmp/CMakeFiles 1
Building CXX object CMakeFiles/cmTryCompileExec.dir/CMakeCXXCompilerABI.cpp.o
/home/kloeckner/mach/x86_64/pool/bin/c++     -o CMakeFiles/cmTryCompileExec.dir/CMakeCXXCompilerABI.cpp.o -c /usr/local/share/cmake-2.6/Modules/CMakeCXXCompilerABI.cpp
Linking CXX executable cmTryCompileExec
/usr/local/bin/cmake -E cmake_link_script CMakeFiles/cmTryCompileExec.dir/link.txt --verbose=1
/home/kloeckner/mach/x86_64/pool/bin/c++        -fPIC CMakeFiles/cmTryCompileExec.dir/CMakeCXXCompilerABI.cpp.o  -o cmTryCompileExec -rdynamic 
gmake[2]: Leaving directory `/home/xzhu/opencl_cmake/CMakeFiles/CMakeTmp'
gmake[1]: Leaving directory `/home/xzhu/opencl_cmake/CMakeFiles/CMakeTmp'


The system is: Linux - 2.6.18-194.3.1.el5 - x86_64
Compiling the CXX compiler identification source file "CMakeCXXCompilerId.cpp" succeeded.
Compiler: /home/kloeckner/mach/x86_64/pool/bin/c++ 
Build flags: 
Id flags: 

The output was:
0
CMakeCXXCompilerId.cpp:67: warning: deprecated conversion from string constant to ‘char*’
CMakeCXXCompilerId.cpp:151: warning: deprecated conversion from string constant to ‘char*’


Compilation of the CXX compiler identification source "CMakeCXXCompilerId.cpp" produced "a.out"

The CXX compiler identification is GNU, found in "/home/xzhu/opencl_cmake/CMakeFiles/CompilerIdCXX/a.out"

Determining if the CXX compiler works passed with the following output:
Change Dir: /home/xzhu/opencl_cmake/CMakeFiles/CMakeTmp

Run Build Command:/usr/bin/gmake "cmTryCompileExec/fast"
gmake[1]: Entering directory `/home/xzhu/opencl_cmake/CMakeFiles/CMakeTmp'
/usr/bin/gmake -f CMakeFiles/cmTryCompileExec.dir/build.make CMakeFiles/cmTryCompileExec.dir/build
gmake[2]: Entering directory `/home/xzhu/opencl_cmake/CMakeFiles/CMakeTmp'
/usr/local/bin/cmake -E cmake_progress_report /home/xzhu/opencl_cmake/CMakeFiles/CMakeTmp/CMakeFiles 1
Building CXX object CMakeFiles/cmTryCompileExec.dir/testCXXCompiler.cxx.o
/home/kloeckner/mach/x86_64/pool/bin/c++     -o CMakeFiles/cmTryCompileExec.dir/testCXXCompiler.cxx.o -c /home/xzhu/opencl_cmake/CMakeFiles/CMakeTmp/testCXXCompiler.cxx
Linking CXX executable cmTryCompileExec
/usr/local/bin/cmake -E cmake_link_script CMakeFiles/cmTryCompileExec.dir/link.txt --verbose=1
/home/kloeckner/mach/x86_64/pool/bin/c++        -fPIC CMakeFiles/cmTryCompileExec.dir/testCXXCompiler.cxx.o  -o cmTryCompileExec -rdynamic 
gmake[2]: Leaving directory `/home/xzhu/opencl_cmake/CMakeFiles/CMakeTmp'
gmake[1]: Leaving directory `/home/xzhu/opencl_cmake/CMakeFiles/CMakeTmp'


Detecting CXX compiler ABI info compiled with the following output:
Change Dir: /home/xzhu/opencl_cmake/CMakeFiles/CMakeTmp

Run Build Command:/usr/bin/gmake "cmTryCompileExec/fast"
gmake[1]: Entering directory `/home/xzhu/opencl_cmake/CMakeFiles/CMakeTmp'
/usr/bin/gmake -f CMakeFiles/cmTryCompileExec.dir/build.make CMakeFiles/cmTryCompileExec.dir/build
gmake[2]: Entering directory `/home/xzhu/opencl_cmake/CMakeFiles/CMakeTmp'
/usr/local/bin/cmake -E cmake_progress_report /home/xzhu/opencl_cmake/CMakeFiles/CMakeTmp/CMakeFiles 1
Building CXX object CMakeFiles/cmTryCompileExec.dir/CMakeCXXCompilerABI.cpp.o
/home/kloeckner/mach/x86_64/pool/bin/c++     -o CMakeFiles/cmTryCompileExec.dir/CMakeCXXCompilerABI.cpp.o -c /usr/local/share/cmake-2.6/Modules/CMakeCXXCompilerABI.cpp
Linking CXX executable cmTryCompileExec
/usr/local/bin/cmake -E cmake_link_script CMakeFiles/cmTryCompileExec.dir/link.txt --verbose=1
/home/kloeckner/mach/x86_64/pool/bin/c++        -fPIC CMakeFiles/cmTryCompileExec.dir/CMakeCXXCompilerABI.cpp.o  -o cmTryCompileExec -rdynamic 
gmake[2]: Leaving directory `/home/xzhu/opencl_cmake/CMakeFiles/CMakeTmp'
gmake[1]: Leaving directory `/home/xzhu/opencl_cmake/CMakeFiles/CMakeTmp'


